<?xml version="1.0" encoding="UTF-8"?>
<!-- Generated by org.testng.reporters.JUnitReportReporter -->
<testsuite hostname="Radomir" failures="0" tests="10" name="com.qa_task.tests.SmokeTest" time="19.853" errors="0" timestamp="2025-04-03T15:41:08 CEST" skipped="0">
  <testcase classname="com.qa_task.tests.SmokeTest" name="verifyBoardHeader" time="0.080"/>
  <testcase classname="com.qa_task.tests.SmokeTest" name="verifyIgnoreResolvedIssuesFilter" time="0.282"/>
  <testcase classname="com.qa_task.tests.SmokeTest" name="verifyFilterClear" time="0.742"/>
  <testcase classname="com.qa_task.tests.SmokeTest" name="verifyFilterBySearch" time="2.350"/>
  <testcase classname="com.qa_task.tests.SmokeTest" name="verifySearchResults" time="2.113"/>
  <testcase classname="com.qa_task.tests.SmokeTest" name="verifyTicketCreation" time="5.109"/>
  <testcase classname="com.qa_task.tests.SmokeTest" name="verifyIssueReadability" time="3.357"/>
  <testcase classname="com.qa_task.tests.SmokeTest" name="verifyIsssueStatusIsEdatable" time="1.528"/>
  <testcase classname="com.qa_task.tests.SmokeTest" name="verifyIsssueAssigneeIsEdatable" time="1.663"/>
  <testcase classname="com.qa_task.tests.SmokeTest" name="verifyIssueIsDeleted" time="2.629"/>
</testsuite> <!-- com.qa_task.tests.SmokeTest -->
